Command line:
   tb_Therm_driver_isim_beh.exe
     -simmode  gui
     -simrunnum  0
     -socket  50594

Sat Apr 08 16:11:30 2017


 Elaboration Time: 0.265202 sec

 Current Memory Usage: 1314.16 Meg

 Total Signals          : 11
 Total Nets             : 37
 Total Signal Drivers   : 7
 Total Blocks           : 5
 Total Primitive Blocks : 4
 Total Processes        : 5
 Total Traceable Variables  : 11
 Total Scalar Nets and Variables : 416
Total Line Count : 17

 Total Simulation Time: 0.280802 sec

 Current Memory Usage: 684.982 Meg

Sun Apr 09 13:29:08 2017

